[30-May-2020 06:01:21 UTC] PHP Fatal error:  Uncaught ReflectionException: Class translator does not exist in /home/codinism/courses.programming-hero.com/vendor/laravel/framework/src/Illuminate/Container/Container.php:805
Stack trace:
#0 /home/codinism/courses.programming-hero.com/vendor/laravel/framework/src/Illuminate/Container/Container.php(805): ReflectionClass->__construct('translator')
#1 /home/codinism/courses.programming-hero.com/vendor/laravel/framework/src/Illuminate/Container/Container.php(687): Illuminate\Container\Container->build('translator')
#2 /home/codinism/courses.programming-hero.com/vendor/laravel/framework/src/Illuminate/Foundation/Application.php(796): Illuminate\Container\Container->resolve('translator', Array, true)
#3 /home/codinism/courses.programming-hero.com/vendor/laravel/framework/src/Illuminate/Container/Container.php(633): Illuminate\Foundation\Application->resolve('translator', Array)
#4 /home/codinism/courses.programming-hero.com/vendor/laravel/framework/src/Illuminate/Foundation/Application.php(781): Illuminate\Contai in /home/codinism/courses.programming-hero.com/vendor/laravel/framework/src/Illuminate/Container/Container.php on line 807
[30-May-2020 06:01:23 UTC] PHP Fatal error:  Uncaught ReflectionException: Class translator does not exist in /home/codinism/courses.programming-hero.com/vendor/laravel/framework/src/Illuminate/Container/Container.php:805
Stack trace:
#0 /home/codinism/courses.programming-hero.com/vendor/laravel/framework/src/Illuminate/Container/Container.php(805): ReflectionClass->__construct('translator')
#1 /home/codinism/courses.programming-hero.com/vendor/laravel/framework/src/Illuminate/Container/Container.php(687): Illuminate\Container\Container->build('translator')
#2 /home/codinism/courses.programming-hero.com/vendor/laravel/framework/src/Illuminate/Foundation/Application.php(796): Illuminate\Container\Container->resolve('translator', Array, true)
#3 /home/codinism/courses.programming-hero.com/vendor/laravel/framework/src/Illuminate/Container/Container.php(633): Illuminate\Foundation\Application->resolve('translator', Array)
#4 /home/codinism/courses.programming-hero.com/vendor/laravel/framework/src/Illuminate/Foundation/Application.php(781): Illuminate\Contai in /home/codinism/courses.programming-hero.com/vendor/laravel/framework/src/Illuminate/Container/Container.php on line 807
[30-May-2020 06:01:26 UTC] PHP Fatal error:  Uncaught ReflectionException: Class translator does not exist in /home/codinism/courses.programming-hero.com/vendor/laravel/framework/src/Illuminate/Container/Container.php:805
Stack trace:
#0 /home/codinism/courses.programming-hero.com/vendor/laravel/framework/src/Illuminate/Container/Container.php(805): ReflectionClass->__construct('translator')
#1 /home/codinism/courses.programming-hero.com/vendor/laravel/framework/src/Illuminate/Container/Container.php(687): Illuminate\Container\Container->build('translator')
#2 /home/codinism/courses.programming-hero.com/vendor/laravel/framework/src/Illuminate/Foundation/Application.php(796): Illuminate\Container\Container->resolve('translator', Array, true)
#3 /home/codinism/courses.programming-hero.com/vendor/laravel/framework/src/Illuminate/Container/Container.php(633): Illuminate\Foundation\Application->resolve('translator', Array)
#4 /home/codinism/courses.programming-hero.com/vendor/laravel/framework/src/Illuminate/Foundation/Application.php(781): Illuminate\Contai in /home/codinism/courses.programming-hero.com/vendor/laravel/framework/src/Illuminate/Container/Container.php on line 807
[30-May-2020 06:01:30 UTC] PHP Fatal error:  Uncaught ReflectionException: Class translator does not exist in /home/codinism/courses.programming-hero.com/vendor/laravel/framework/src/Illuminate/Container/Container.php:805
Stack trace:
#0 /home/codinism/courses.programming-hero.com/vendor/laravel/framework/src/Illuminate/Container/Container.php(805): ReflectionClass->__construct('translator')
#1 /home/codinism/courses.programming-hero.com/vendor/laravel/framework/src/Illuminate/Container/Container.php(687): Illuminate\Container\Container->build('translator')
#2 /home/codinism/courses.programming-hero.com/vendor/laravel/framework/src/Illuminate/Foundation/Application.php(796): Illuminate\Container\Container->resolve('translator', Array, true)
#3 /home/codinism/courses.programming-hero.com/vendor/laravel/framework/src/Illuminate/Container/Container.php(633): Illuminate\Foundation\Application->resolve('translator', Array)
#4 /home/codinism/courses.programming-hero.com/vendor/laravel/framework/src/Illuminate/Foundation/Application.php(781): Illuminate\Contai in /home/codinism/courses.programming-hero.com/vendor/laravel/framework/src/Illuminate/Container/Container.php on line 807
[30-May-2020 06:01:31 UTC] PHP Fatal error:  Uncaught ReflectionException: Class translator does not exist in /home/codinism/courses.programming-hero.com/vendor/laravel/framework/src/Illuminate/Container/Container.php:805
Stack trace:
#0 /home/codinism/courses.programming-hero.com/vendor/laravel/framework/src/Illuminate/Container/Container.php(805): ReflectionClass->__construct('translator')
#1 /home/codinism/courses.programming-hero.com/vendor/laravel/framework/src/Illuminate/Container/Container.php(687): Illuminate\Container\Container->build('translator')
#2 /home/codinism/courses.programming-hero.com/vendor/laravel/framework/src/Illuminate/Foundation/Application.php(796): Illuminate\Container\Container->resolve('translator', Array, true)
#3 /home/codinism/courses.programming-hero.com/vendor/laravel/framework/src/Illuminate/Container/Container.php(633): Illuminate\Foundation\Application->resolve('translator', Array)
#4 /home/codinism/courses.programming-hero.com/vendor/laravel/framework/src/Illuminate/Foundation/Application.php(781): Illuminate\Contai in /home/codinism/courses.programming-hero.com/vendor/laravel/framework/src/Illuminate/Container/Container.php on line 807
[30-May-2020 06:05:33 UTC] PHP Warning:  require(/home/codinism/courses.programming-hero.com/public/../vendor/autoload.php): failed to open stream: No such file or directory in /home/codinism/courses.programming-hero.com/public/index.php on line 24
[30-May-2020 06:05:33 UTC] PHP Warning:  require(/home/codinism/courses.programming-hero.com/public/../vendor/autoload.php): failed to open stream: No such file or directory in /home/codinism/courses.programming-hero.com/public/index.php on line 24
[30-May-2020 06:05:33 UTC] PHP Fatal error:  require(): Failed opening required '/home/codinism/courses.programming-hero.com/public/../vendor/autoload.php' (include_path='.:/opt/alt/php73/usr/share/pear') in /home/codinism/courses.programming-hero.com/public/index.php on line 24
[30-May-2020 06:10:59 UTC] PHP Warning:  The use statement with non-compound name 'Image' has no effect in /home/codinism/courses.programming-hero.com/routes/web.php on line 4
